
<start-run count='10'/>
<start-suite id="0-1706" parentId="" name="AutomationTesting.dll" fullname="D:\WorkSpace\Git\AutomationFramework\Build\AutomationTesting.dll"/>
<start-suite id="0-1707" parentId="0-1706" name="AutomationTesting" fullname="AutomationTesting"/>
<start-suite id="0-1708" parentId="0-1707" name="Feature" fullname="AutomationTesting.Feature"/>
<start-suite id="0-1710" parentId="0-1708" name="Login_Mail_Parallel" fullname="AutomationTesting.Feature.Login_Mail_Parallel"/>
<start-suite id="0-1703" parentId="0-1710" name="TestParalell" fullname="AutomationTesting.Feature.Login_Mail_Parallel.TestParalell"/>
<start-suite id="0-1063" parentId="0-1703" name="TestParalell(ChromeDesktop,WebBrowserFactory)" fullname="AutomationTesting.Feature.Login_Mail_Parallel.TestParalell(ChromeDesktop,WebBrowserFactory)"/>
<start-suite id="0-1191" parentId="0-1703" name="TestParalell(FirefoxDesktop,WebBrowserFactory)" fullname="AutomationTesting.Feature.Login_Mail_Parallel.TestParalell(FirefoxDesktop,WebBrowserFactory)"/>
<start-suite id="0-1255" parentId="0-1703" name="TestParalell(InternetExplorerDesktop,WebBrowserFactory)" fullname="AutomationTesting.Feature.Login_Mail_Parallel.TestParalell(InternetExplorerDesktop,WebBrowserFactory)"/>
<start-suite id="0-1127" parentId="0-1703" name="TestParalell(iPad,WebBrowserFactory)" fullname="AutomationTesting.Feature.Login_Mail_Parallel.TestParalell(iPad,WebBrowserFactory)"/>
<start-suite id="0-1319" parentId="0-1703" name="TestParalell(iPhone4,WebBrowserFactory)" fullname="AutomationTesting.Feature.Login_Mail_Parallel.TestParalell(iPhone4,WebBrowserFactory)"/>
<start-suite id="0-1383" parentId="0-1703" name="TestParalell(iPhone5,WebBrowserFactory)" fullname="AutomationTesting.Feature.Login_Mail_Parallel.TestParalell(iPhone5,WebBrowserFactory)"/>
<start-suite id="0-1447" parentId="0-1703" name="TestParalell(iPhone6,WebBrowserFactory)" fullname="AutomationTesting.Feature.Login_Mail_Parallel.TestParalell(iPhone6,WebBrowserFactory)"/>
<start-suite id="0-1511" parentId="0-1703" name="TestParalell(Nexus6,WebBrowserFactory)" fullname="AutomationTesting.Feature.Login_Mail_Parallel.TestParalell(Nexus6,WebBrowserFactory)"/>
<start-test id="0-1256" parentId="0-1255" name="LoginMailSucessfullyParalell" fullname="AutomationTesting.Feature.Login_Mail_Parallel.TestParalell(InternetExplorerDesktop,WebBrowserFactory).LoginMailSucessfullyParalell"/>
<start-test id="0-1128" parentId="0-1127" name="LoginMailSucessfullyParalell" fullname="AutomationTesting.Feature.Login_Mail_Parallel.TestParalell(iPad,WebBrowserFactory).LoginMailSucessfullyParalell"/>
<start-test id="0-1384" parentId="0-1383" name="LoginMailSucessfullyParalell" fullname="AutomationTesting.Feature.Login_Mail_Parallel.TestParalell(iPhone5,WebBrowserFactory).LoginMailSucessfullyParalell"/>
<start-test id="0-1192" parentId="0-1191" name="LoginMailSucessfullyParalell" fullname="AutomationTesting.Feature.Login_Mail_Parallel.TestParalell(FirefoxDesktop,WebBrowserFactory).LoginMailSucessfullyParalell"/>
<start-test id="0-1320" parentId="0-1319" name="LoginMailSucessfullyParalell" fullname="AutomationTesting.Feature.Login_Mail_Parallel.TestParalell(iPhone4,WebBrowserFactory).LoginMailSucessfullyParalell"/>
<start-test id="0-1064" parentId="0-1063" name="LoginMailSucessfullyParalell" fullname="AutomationTesting.Feature.Login_Mail_Parallel.TestParalell(ChromeDesktop,WebBrowserFactory).LoginMailSucessfullyParalell"/>
<start-test id="0-1448" parentId="0-1447" name="LoginMailSucessfullyParalell" fullname="AutomationTesting.Feature.Login_Mail_Parallel.TestParalell(iPhone6,WebBrowserFactory).LoginMailSucessfullyParalell"/>
<start-test id="0-1512" parentId="0-1511" name="LoginMailSucessfullyParalell" fullname="AutomationTesting.Feature.Login_Mail_Parallel.TestParalell(Nexus6,WebBrowserFactory).LoginMailSucessfullyParalell"/>
<test-case id="0-1192" name="LoginMailSucessfullyParalell" fullname="AutomationTesting.Feature.Login_Mail_Parallel.TestParalell(FirefoxDesktop,WebBrowserFactory).LoginMailSucessfullyParalell" methodname="LoginMailSucessfullyParalell" classname="AutomationTesting.Feature.Login_Mail_Parallel.TestParalell" runstate="Runnable" seed="315218276" result="Failed" label="Error" start-time="2016-06-26 08:49:13Z" end-time="2016-06-26 08:49:31Z" duration="17.998291" asserts="0" parentId="0-1191"><properties><property name="Category" value="SearchGoogle" /></properties><failure><message><![CDATA[System.Reflection.TargetInvocationException : Exception has been thrown by the target of an invocation.
  ----> System.Reflection.TargetInvocationException : Exception has been thrown by the target of an invocation.
  ----> OpenQA.Selenium.WebDriverException : A exception with a null response was thrown sending an HTTP request to the remote WebDriver server for URL http://localhost:7055/hub/session. The status of the exception was ReceiveFailure, and the message was: The underlying connection was closed: An unexpected error occurred on a receive.
  ----> System.Net.WebException : The underlying connection was closed: An unexpected error occurred on a receive.
  ----> System.IO.IOException : Unable to read data from the transport connection: An existing connection was forcibly closed by the remote host.
  ----> System.Net.Sockets.SocketException : An existing connection was forcibly closed by the remote host
TearDown : AutomationFrameWork.Exceptions.StepErrorException : Please call method 'StartDriver' before can get Driver]]></message><stack-trace><![CDATA[   at System.RuntimeMethodHandle.InvokeMethod(Object target, Object[] arguments, Signature sig, Boolean constructor)
   at System.Reflection.RuntimeMethodInfo.UnsafeInvokeInternal(Object obj, Object[] parameters, Object[] arguments)
   at System.Reflection.RuntimeMethodInfo.Invoke(Object obj, BindingFlags invokeAttr, Binder binder, Object[] parameters, CultureInfo culture)
   at System.Reflection.MethodBase.Invoke(Object obj, Object[] parameters)
   at AutomationFrameWork.Driver.DriverManager`1.StartDriver(FactoryType factoryType, Browser type, Object driverServices, Object desiredCapabilities, Int32 commandTimeOut, Int32 pageLoadTimeout, Int32 scriptTimeout, Boolean isMaximize) in D:\WorkSpace\Git\AutomationFramework\AutomationFrameWork\Base\Driver\Core\DriverManager.cs:line 63
   at AutomationTesting.Feature.Login_Mail_Parallel.TestParalell.SetUp() in D:\WorkSpace\Git\AutomationFramework\AutomationTesting\Feature\Login Mail Parallel\LoginMailParalell.cs:line 37
--TargetInvocationException
   at System.RuntimeMethodHandle.InvokeMethod(Object target, Object[] arguments, Signature sig, Boolean constructor)
   at System.Reflection.RuntimeMethodInfo.UnsafeInvokeInternal(Object obj, Object[] parameters, Object[] arguments)
   at System.Reflection.RuntimeMethodInfo.Invoke(Object obj, BindingFlags invokeAttr, Binder binder, Object[] parameters, CultureInfo culture)
   at System.Reflection.MethodBase.Invoke(Object obj, Object[] parameters)
   at AutomationFrameWork.Driver.Factory.WebBrowserFactory.GetDriver() in D:\WorkSpace\Git\AutomationFramework\AutomationFrameWork\Base\Driver\DriverFactory\WebBrowserFactory.cs:line 49
--WebDriverException
   at OpenQA.Selenium.Remote.HttpCommandExecutor.CreateResponse(WebRequest request)
   at OpenQA.Selenium.Remote.HttpCommandExecutor.Execute(Command commandToExecute)
   at OpenQA.Selenium.Firefox.FirefoxDriverCommandExecutor.Execute(Command commandToExecute)
   at OpenQA.Selenium.Remote.RemoteWebDriver.Execute(String driverCommandToExecute, Dictionary`2 parameters)
   at OpenQA.Selenium.Remote.RemoteWebDriver.StartSession(ICapabilities desiredCapabilities)
   at OpenQA.Selenium.Remote.RemoteWebDriver..ctor(ICommandExecutor commandExecutor, ICapabilities desiredCapabilities)
   at OpenQA.Selenium.Firefox.FirefoxDriver..ctor(FirefoxBinary binary, FirefoxProfile profile, TimeSpan commandTimeout)
   at AutomationFrameWork.Driver.WebDriver.FirefoxDesktop.StartDriver(Object driverServices, Object desiredCapabilities, Int32 commandTimeOut, Int32 pageLoadTimeout, Int32 scriptTimeout, Boolean isMaximize) in D:\WorkSpace\Git\AutomationFramework\AutomationFrameWork\Base\Driver\WebDriver\FirefoxDesktop.cs:line 43
--WebException
   at System.Net.HttpWebRequest.GetResponse()
   at OpenQA.Selenium.Remote.HttpCommandExecutor.CreateResponse(WebRequest request)
--IOException
   at System.Net.Sockets.NetworkStream.Read(Byte[] buffer, Int32 offset, Int32 size)
   at System.Net.PooledStream.Read(Byte[] buffer, Int32 offset, Int32 size)
   at System.Net.Connection.SyncRead(HttpWebRequest request, Boolean userRetrievedStream, Boolean probeRead)
--SocketException
   at System.Net.Sockets.Socket.Receive(Byte[] buffer, Int32 offset, Int32 size, SocketFlags socketFlags)
   at System.Net.Sockets.NetworkStream.Read(Byte[] buffer, Int32 offset, Int32 size)
--TearDown
   at AutomationFrameWork.Driver.DriverManager`1.get_DriverStored() in D:\WorkSpace\Git\AutomationFramework\AutomationFrameWork\Base\Driver\Core\DriverManager.cs:line 32
   at AutomationFrameWork.Driver.DriverManager`1.CloseDriver() in D:\WorkSpace\Git\AutomationFramework\AutomationFrameWork\Base\Driver\Core\DriverManager.cs:line 73
   at AutomationTesting.Feature.Login_Mail_Parallel.TestParalell.TearDown() in D:\WorkSpace\Git\AutomationFramework\AutomationTesting\Feature\Login Mail Parallel\LoginMailParalell.cs:line 175]]></stack-trace></failure></test-case>
<test-suite type="TestFixture" id="0-1191" name="TestParalell(FirefoxDesktop,WebBrowserFactory)" fullname="AutomationTesting.Feature.Login_Mail_Parallel.TestParalell(FirefoxDesktop,WebBrowserFactory)" classname="AutomationTesting.Feature.Login_Mail_Parallel.TestParalell" runstate="Runnable" testcasecount="53" result="Failed" site="Child" start-time="2016-06-26 08:49:13Z" end-time="2016-06-26 08:49:31Z" duration="18.007325" total="1" passed="0" failed="1" inconclusive="0" skipped="0" asserts="0" parentId="0-1703"><properties><property name="ParallelScope" value="Self" /></properties><failure><message><![CDATA[One or more child tests had errors]]></message></failure></test-suite>
<start-suite id="0-1575" parentId="0-1703" name="TestParalell(Nexus7,WebBrowserFactory)" fullname="AutomationTesting.Feature.Login_Mail_Parallel.TestParalell(Nexus7,WebBrowserFactory)"/>
<start-test id="0-1576" parentId="0-1575" name="LoginMailSucessfullyParalell" fullname="AutomationTesting.Feature.Login_Mail_Parallel.TestParalell(Nexus7,WebBrowserFactory).LoginMailSucessfullyParalell"/>
<test-case id="0-1064" name="LoginMailSucessfullyParalell" fullname="AutomationTesting.Feature.Login_Mail_Parallel.TestParalell(ChromeDesktop,WebBrowserFactory).LoginMailSucessfullyParalell" methodname="LoginMailSucessfullyParalell" classname="AutomationTesting.Feature.Login_Mail_Parallel.TestParalell" runstate="Runnable" seed="425963298" result="Passed" start-time="2016-06-26 08:49:13Z" end-time="2016-06-26 08:49:39Z" duration="26.156213" asserts="1" parentId="0-1063"><properties><property name="Category" value="SearchGoogle" /></properties></test-case>
<test-suite type="TestFixture" id="0-1063" name="TestParalell(ChromeDesktop,WebBrowserFactory)" fullname="AutomationTesting.Feature.Login_Mail_Parallel.TestParalell(ChromeDesktop,WebBrowserFactory)" classname="AutomationTesting.Feature.Login_Mail_Parallel.TestParalell" runstate="Runnable" testcasecount="53" result="Passed" start-time="2016-06-26 08:49:13Z" end-time="2016-06-26 08:49:39Z" duration="26.163280" total="1" passed="1" failed="0" inconclusive="0" skipped="0" asserts="1" parentId="0-1703"><properties><property name="ParallelScope" value="Self" /></properties></test-suite>
<start-suite id="0-1639" parentId="0-1703" name="TestParalell(PhantomJSBrowser,PhantomJSBrowserFactory)" fullname="AutomationTesting.Feature.Login_Mail_Parallel.TestParalell(PhantomJSBrowser,PhantomJSBrowserFactory)"/>
<start-test id="0-1640" parentId="0-1639" name="LoginMailSucessfullyParalell" fullname="AutomationTesting.Feature.Login_Mail_Parallel.TestParalell(PhantomJSBrowser,PhantomJSBrowserFactory).LoginMailSucessfullyParalell"/>
<test-case id="0-1256" name="LoginMailSucessfullyParalell" fullname="AutomationTesting.Feature.Login_Mail_Parallel.TestParalell(InternetExplorerDesktop,WebBrowserFactory).LoginMailSucessfullyParalell" methodname="LoginMailSucessfullyParalell" classname="AutomationTesting.Feature.Login_Mail_Parallel.TestParalell" runstate="Runnable" seed="2139037176" result="Passed" start-time="2016-06-26 08:49:13Z" end-time="2016-06-26 08:49:39Z" duration="26.574723" asserts="1" parentId="0-1255"><properties><property name="Category" value="SearchGoogle" /></properties></test-case>
<test-suite type="TestFixture" id="0-1255" name="TestParalell(InternetExplorerDesktop,WebBrowserFactory)" fullname="AutomationTesting.Feature.Login_Mail_Parallel.TestParalell(InternetExplorerDesktop,WebBrowserFactory)" classname="AutomationTesting.Feature.Login_Mail_Parallel.TestParalell" runstate="Runnable" testcasecount="53" result="Passed" start-time="2016-06-26 08:49:13Z" end-time="2016-06-26 08:49:39Z" duration="26.581219" total="1" passed="1" failed="0" inconclusive="0" skipped="0" asserts="1" parentId="0-1703"><properties><property name="ParallelScope" value="Self" /></properties></test-suite>
<test-case id="0-1320" name="LoginMailSucessfullyParalell" fullname="AutomationTesting.Feature.Login_Mail_Parallel.TestParalell(iPhone4,WebBrowserFactory).LoginMailSucessfullyParalell" methodname="LoginMailSucessfullyParalell" classname="AutomationTesting.Feature.Login_Mail_Parallel.TestParalell" runstate="Runnable" seed="739986741" result="Failed" label="Error" start-time="2016-06-26 08:49:13Z" end-time="2016-06-26 08:49:47Z" duration="34.203641" asserts="0" parentId="0-1319"><properties><property name="Category" value="SearchGoogle" /></properties><failure><message><![CDATA[System.OperationCanceledException : Get Timed out after 15 seconds, [specflowdemo@gmail.com] is not displayed in WebPage title [Gmail]]]></message><stack-trace><![CDATA[   at AutomationFrameWork.ActionsKeys.WebKeywords.WaitTitleContains(String title, Int32 timeOut) in D:\WorkSpace\Git\AutomationFramework\AutomationFrameWork\ActionKeywords\WebKeywords.cs:line 166
   at AutomationTesting.POM.HomePage.LoginValidate.ValidateLoginSucesfully(String expected) in D:\WorkSpace\Git\AutomationFramework\AutomationTesting\POM\HomePage\LoginValidate .cs:line 11
   at AutomationTesting.Feature.Login_Mail_Parallel.TestParalell.LoginMailSucessfullyParalell() in D:\WorkSpace\Git\AutomationFramework\AutomationTesting\Feature\Login Mail Parallel\LoginMailParalell.cs:line 48]]></stack-trace></failure></test-case>
<test-suite type="TestFixture" id="0-1319" name="TestParalell(iPhone4,WebBrowserFactory)" fullname="AutomationTesting.Feature.Login_Mail_Parallel.TestParalell(iPhone4,WebBrowserFactory)" classname="AutomationTesting.Feature.Login_Mail_Parallel.TestParalell" runstate="Runnable" testcasecount="53" result="Failed" site="Child" start-time="2016-06-26 08:49:13Z" end-time="2016-06-26 08:49:47Z" duration="34.210548" total="1" passed="0" failed="1" inconclusive="0" skipped="0" asserts="0" parentId="0-1703"><properties><property name="ParallelScope" value="Self" /></properties><failure><message><![CDATA[One or more child tests had errors]]></message></failure></test-suite>
<test-case id="0-1512" name="LoginMailSucessfullyParalell" fullname="AutomationTesting.Feature.Login_Mail_Parallel.TestParalell(Nexus6,WebBrowserFactory).LoginMailSucessfullyParalell" methodname="LoginMailSucessfullyParalell" classname="AutomationTesting.Feature.Login_Mail_Parallel.TestParalell" runstate="Runnable" seed="1889296407" result="Failed" label="Error" start-time="2016-06-26 08:49:13Z" end-time="2016-06-26 08:49:47Z" duration="34.477956" asserts="0" parentId="0-1511"><properties><property name="Category" value="SearchGoogle" /></properties><failure><message><![CDATA[System.OperationCanceledException : Get Timed out after 15 seconds, [specflowdemo@gmail.com] is not displayed in WebPage title [Gmail]]]></message><stack-trace><![CDATA[   at AutomationFrameWork.ActionsKeys.WebKeywords.WaitTitleContains(String title, Int32 timeOut) in D:\WorkSpace\Git\AutomationFramework\AutomationFrameWork\ActionKeywords\WebKeywords.cs:line 166
   at AutomationTesting.POM.HomePage.LoginValidate.ValidateLoginSucesfully(String expected) in D:\WorkSpace\Git\AutomationFramework\AutomationTesting\POM\HomePage\LoginValidate .cs:line 11
   at AutomationTesting.Feature.Login_Mail_Parallel.TestParalell.LoginMailSucessfullyParalell() in D:\WorkSpace\Git\AutomationFramework\AutomationTesting\Feature\Login Mail Parallel\LoginMailParalell.cs:line 48]]></stack-trace></failure></test-case>
<test-suite type="TestFixture" id="0-1511" name="TestParalell(Nexus6,WebBrowserFactory)" fullname="AutomationTesting.Feature.Login_Mail_Parallel.TestParalell(Nexus6,WebBrowserFactory)" classname="AutomationTesting.Feature.Login_Mail_Parallel.TestParalell" runstate="Runnable" testcasecount="53" result="Failed" site="Child" start-time="2016-06-26 08:49:13Z" end-time="2016-06-26 08:49:47Z" duration="34.484689" total="1" passed="0" failed="1" inconclusive="0" skipped="0" asserts="0" parentId="0-1703"><properties><property name="ParallelScope" value="Self" /></properties><failure><message><![CDATA[One or more child tests had errors]]></message></failure></test-suite>
<test-case id="0-1384" name="LoginMailSucessfullyParalell" fullname="AutomationTesting.Feature.Login_Mail_Parallel.TestParalell(iPhone5,WebBrowserFactory).LoginMailSucessfullyParalell" methodname="LoginMailSucessfullyParalell" classname="AutomationTesting.Feature.Login_Mail_Parallel.TestParalell" runstate="Runnable" seed="1022574981" result="Failed" label="Error" start-time="2016-06-26 08:49:13Z" end-time="2016-06-26 08:49:47Z" duration="34.578087" asserts="0" parentId="0-1383"><properties><property name="Category" value="SearchGoogle" /></properties><failure><message><![CDATA[System.OperationCanceledException : Get Timed out after 15 seconds, [specflowdemo@gmail.com] is not displayed in WebPage title [Gmail]]]></message><stack-trace><![CDATA[   at AutomationFrameWork.ActionsKeys.WebKeywords.WaitTitleContains(String title, Int32 timeOut) in D:\WorkSpace\Git\AutomationFramework\AutomationFrameWork\ActionKeywords\WebKeywords.cs:line 166
   at AutomationTesting.POM.HomePage.LoginValidate.ValidateLoginSucesfully(String expected) in D:\WorkSpace\Git\AutomationFramework\AutomationTesting\POM\HomePage\LoginValidate .cs:line 11
   at AutomationTesting.Feature.Login_Mail_Parallel.TestParalell.LoginMailSucessfullyParalell() in D:\WorkSpace\Git\AutomationFramework\AutomationTesting\Feature\Login Mail Parallel\LoginMailParalell.cs:line 48]]></stack-trace></failure></test-case>
<test-suite type="TestFixture" id="0-1383" name="TestParalell(iPhone5,WebBrowserFactory)" fullname="AutomationTesting.Feature.Login_Mail_Parallel.TestParalell(iPhone5,WebBrowserFactory)" classname="AutomationTesting.Feature.Login_Mail_Parallel.TestParalell" runstate="Runnable" testcasecount="53" result="Failed" site="Child" start-time="2016-06-26 08:49:13Z" end-time="2016-06-26 08:49:47Z" duration="34.584722" total="1" passed="0" failed="1" inconclusive="0" skipped="0" asserts="0" parentId="0-1703"><properties><property name="ParallelScope" value="Self" /></properties><failure><message><![CDATA[One or more child tests had errors]]></message></failure></test-suite>
<test-case id="0-1448" name="LoginMailSucessfullyParalell" fullname="AutomationTesting.Feature.Login_Mail_Parallel.TestParalell(iPhone6,WebBrowserFactory).LoginMailSucessfullyParalell" methodname="LoginMailSucessfullyParalell" classname="AutomationTesting.Feature.Login_Mail_Parallel.TestParalell" runstate="Runnable" seed="515303829" result="Failed" label="Error" start-time="2016-06-26 08:49:13Z" end-time="2016-06-26 08:49:48Z" duration="34.674197" asserts="0" parentId="0-1447"><properties><property name="Category" value="SearchGoogle" /></properties><failure><message><![CDATA[System.OperationCanceledException : Get Timed out after 15 seconds, [specflowdemo@gmail.com] is not displayed in WebPage title [Gmail]]]></message><stack-trace><![CDATA[   at AutomationFrameWork.ActionsKeys.WebKeywords.WaitTitleContains(String title, Int32 timeOut) in D:\WorkSpace\Git\AutomationFramework\AutomationFrameWork\ActionKeywords\WebKeywords.cs:line 166
   at AutomationTesting.POM.HomePage.LoginValidate.ValidateLoginSucesfully(String expected) in D:\WorkSpace\Git\AutomationFramework\AutomationTesting\POM\HomePage\LoginValidate .cs:line 11
   at AutomationTesting.Feature.Login_Mail_Parallel.TestParalell.LoginMailSucessfullyParalell() in D:\WorkSpace\Git\AutomationFramework\AutomationTesting\Feature\Login Mail Parallel\LoginMailParalell.cs:line 48]]></stack-trace></failure></test-case>
<test-suite type="TestFixture" id="0-1447" name="TestParalell(iPhone6,WebBrowserFactory)" fullname="AutomationTesting.Feature.Login_Mail_Parallel.TestParalell(iPhone6,WebBrowserFactory)" classname="AutomationTesting.Feature.Login_Mail_Parallel.TestParalell" runstate="Runnable" testcasecount="53" result="Failed" site="Child" start-time="2016-06-26 08:49:13Z" end-time="2016-06-26 08:49:48Z" duration="34.680910" total="1" passed="0" failed="1" inconclusive="0" skipped="0" asserts="0" parentId="0-1703"><properties><property name="ParallelScope" value="Self" /></properties><failure><message><![CDATA[One or more child tests had errors]]></message></failure></test-suite>
<test-case id="0-1128" name="LoginMailSucessfullyParalell" fullname="AutomationTesting.Feature.Login_Mail_Parallel.TestParalell(iPad,WebBrowserFactory).LoginMailSucessfullyParalell" methodname="LoginMailSucessfullyParalell" classname="AutomationTesting.Feature.Login_Mail_Parallel.TestParalell" runstate="Runnable" seed="1968259864" result="Failed" label="Error" start-time="2016-06-26 08:49:13Z" end-time="2016-06-26 08:49:50Z" duration="37.210593" asserts="0" parentId="0-1127"><properties><property name="Category" value="SearchGoogle" /></properties><failure><message><![CDATA[System.OperationCanceledException : Get Timed out after 15 seconds, [specflowdemo@gmail.com] is not displayed in WebPage title [Gmail]]]></message><stack-trace><![CDATA[   at AutomationFrameWork.ActionsKeys.WebKeywords.WaitTitleContains(String title, Int32 timeOut) in D:\WorkSpace\Git\AutomationFramework\AutomationFrameWork\ActionKeywords\WebKeywords.cs:line 166
   at AutomationTesting.POM.HomePage.LoginValidate.ValidateLoginSucesfully(String expected) in D:\WorkSpace\Git\AutomationFramework\AutomationTesting\POM\HomePage\LoginValidate .cs:line 11
   at AutomationTesting.Feature.Login_Mail_Parallel.TestParalell.LoginMailSucessfullyParalell() in D:\WorkSpace\Git\AutomationFramework\AutomationTesting\Feature\Login Mail Parallel\LoginMailParalell.cs:line 48]]></stack-trace></failure></test-case>
<test-suite type="TestFixture" id="0-1127" name="TestParalell(iPad,WebBrowserFactory)" fullname="AutomationTesting.Feature.Login_Mail_Parallel.TestParalell(iPad,WebBrowserFactory)" classname="AutomationTesting.Feature.Login_Mail_Parallel.TestParalell" runstate="Runnable" testcasecount="53" result="Failed" site="Child" start-time="2016-06-26 08:49:13Z" end-time="2016-06-26 08:49:50Z" duration="37.217555" total="1" passed="0" failed="1" inconclusive="0" skipped="0" asserts="0" parentId="0-1703"><properties><property name="ParallelScope" value="Self" /></properties><failure><message><![CDATA[One or more child tests had errors]]></message></failure></test-suite>
<test-case id="0-1640" name="LoginMailSucessfullyParalell" fullname="AutomationTesting.Feature.Login_Mail_Parallel.TestParalell(PhantomJSBrowser,PhantomJSBrowserFactory).LoginMailSucessfullyParalell" methodname="LoginMailSucessfullyParalell" classname="AutomationTesting.Feature.Login_Mail_Parallel.TestParalell" runstate="Runnable" seed="1070455911" result="Passed" start-time="2016-06-26 08:49:39Z" end-time="2016-06-26 08:49:56Z" duration="16.615338" asserts="1" parentId="0-1639"><properties><property name="Category" value="SearchGoogle" /></properties><output><![CDATA[Hộp thư đến (10) - specflowdemo@gmail.com - Gmail
]]></output></test-case>
<test-suite type="TestFixture" id="0-1639" name="TestParalell(PhantomJSBrowser,PhantomJSBrowserFactory)" fullname="AutomationTesting.Feature.Login_Mail_Parallel.TestParalell(PhantomJSBrowser,PhantomJSBrowserFactory)" classname="AutomationTesting.Feature.Login_Mail_Parallel.TestParalell" runstate="Runnable" testcasecount="53" result="Passed" start-time="2016-06-26 08:49:39Z" end-time="2016-06-26 08:49:56Z" duration="16.619025" total="1" passed="1" failed="0" inconclusive="0" skipped="0" asserts="1" parentId="0-1703"><properties><property name="ParallelScope" value="Self" /></properties></test-suite>
<test-case id="0-1576" name="LoginMailSucessfullyParalell" fullname="AutomationTesting.Feature.Login_Mail_Parallel.TestParalell(Nexus7,WebBrowserFactory).LoginMailSucessfullyParalell" methodname="LoginMailSucessfullyParalell" classname="AutomationTesting.Feature.Login_Mail_Parallel.TestParalell" runstate="Runnable" seed="36246421" result="Failed" label="Error" start-time="2016-06-26 08:49:31Z" end-time="2016-06-26 08:50:01Z" duration="30.093610" asserts="0" parentId="0-1575"><properties><property name="Category" value="SearchGoogle" /></properties><failure><message><![CDATA[System.OperationCanceledException : Get Timed out after 15 seconds, [specflowdemo@gmail.com] is not displayed in WebPage title [Gmail]]]></message><stack-trace><![CDATA[   at AutomationFrameWork.ActionsKeys.WebKeywords.WaitTitleContains(String title, Int32 timeOut) in D:\WorkSpace\Git\AutomationFramework\AutomationFrameWork\ActionKeywords\WebKeywords.cs:line 166
   at AutomationTesting.POM.HomePage.LoginValidate.ValidateLoginSucesfully(String expected) in D:\WorkSpace\Git\AutomationFramework\AutomationTesting\POM\HomePage\LoginValidate .cs:line 11
   at AutomationTesting.Feature.Login_Mail_Parallel.TestParalell.LoginMailSucessfullyParalell() in D:\WorkSpace\Git\AutomationFramework\AutomationTesting\Feature\Login Mail Parallel\LoginMailParalell.cs:line 48]]></stack-trace></failure></test-case>
<test-suite type="TestFixture" id="0-1575" name="TestParalell(Nexus7,WebBrowserFactory)" fullname="AutomationTesting.Feature.Login_Mail_Parallel.TestParalell(Nexus7,WebBrowserFactory)" classname="AutomationTesting.Feature.Login_Mail_Parallel.TestParalell" runstate="Runnable" testcasecount="53" result="Failed" site="Child" start-time="2016-06-26 08:49:31Z" end-time="2016-06-26 08:50:01Z" duration="30.096827" total="1" passed="0" failed="1" inconclusive="0" skipped="0" asserts="0" parentId="0-1703"><properties><property name="ParallelScope" value="Self" /></properties><failure><message><![CDATA[One or more child tests had errors]]></message></failure></test-suite>
<test-suite type="ParameterizedFixture" id="0-1703" name="TestParalell" fullname="AutomationTesting.Feature.Login_Mail_Parallel.TestParalell" runstate="Runnable" testcasecount="530" result="Failed" site="Child" start-time="2016-06-26 08:49:13Z" end-time="2016-06-26 08:50:01Z" duration="48.112193" total="10" passed="3" failed="7" inconclusive="0" skipped="0" asserts="3" parentId="0-1710"><failure><message><![CDATA[One or more child tests had errors]]></message></failure></test-suite>
<test-suite type="TestSuite" id="0-1710" name="Login_Mail_Parallel" fullname="AutomationTesting.Feature.Login_Mail_Parallel" runstate="Runnable" testcasecount="530" result="Failed" site="Child" start-time="2016-06-26 08:49:13Z" end-time="2016-06-26 08:50:01Z" duration="48.115741" total="10" passed="3" failed="7" inconclusive="0" skipped="0" asserts="3" parentId="0-1708"><failure><message><![CDATA[One or more child tests had errors]]></message></failure></test-suite>
<test-suite type="TestSuite" id="0-1708" name="Feature" fullname="AutomationTesting.Feature" runstate="Runnable" testcasecount="537" result="Failed" site="Child" start-time="2016-06-26 08:49:13Z" end-time="2016-06-26 08:50:01Z" duration="48.119214" total="10" passed="3" failed="7" inconclusive="0" skipped="0" asserts="3" parentId="0-1707"><failure><message><![CDATA[One or more child tests had errors]]></message></failure></test-suite>
<test-suite type="TestSuite" id="0-1707" name="AutomationTesting" fullname="AutomationTesting" runstate="Runnable" testcasecount="582" result="Failed" site="Child" start-time="2016-06-26 08:49:13Z" end-time="2016-06-26 08:50:01Z" duration="48.122700" total="10" passed="3" failed="7" inconclusive="0" skipped="0" asserts="3" parentId="0-1706"><failure><message><![CDATA[One or more child tests had errors]]></message></failure></test-suite>
<test-suite type="Assembly" id="0-1706" name="AutomationTesting.dll" fullname="D:\WorkSpace\Git\AutomationFramework\Build\AutomationTesting.dll" runstate="Runnable" testcasecount="582" result="Failed" site="Child" start-time="2016-06-26 08:49:13Z" end-time="2016-06-26 08:50:01Z" duration="48.134885" total="10" passed="3" failed="7" inconclusive="0" skipped="0" asserts="3" parentId=""><properties><property name="ParallelScope" value="Fixtures" /><property name="_PID" value="18108" /><property name="_APPDOMAIN" value="test-domain-AutomationTesting.dll" /></properties><failure><message><![CDATA[One or more child tests had errors]]></message></failure></test-suite>
<test-suite type="Assembly" id="0-1706" name="AutomationTesting.dll" fullname="D:\WorkSpace\Git\AutomationFramework\Build\AutomationTesting.dll" runstate="Runnable" testcasecount="582" result="Failed" site="Child" start-time="2016-06-26 08:49:13Z" end-time="2016-06-26 08:50:01Z" duration="48.134885" total="10" passed="3" failed="7" inconclusive="0" skipped="0" asserts="3"><environment framework-version="3.4.0.0" clr-version="4.0.30319.42000" os-version="Microsoft Windows NT 10.0.10586.0" platform="Win32NT" cwd="D:\WorkSpace\Git\AutomationFramework\Build" machine-name="MINHHOANG" user="Minh" user-domain="MINHHOANG" culture="en-US" uiculture="en-US" os-architecture="x86" /><settings><setting name="ProcessModel" value="InProcess" /><setting name="DomainUsage" value="Single" /><setting name="WorkDirectory" value="D:\WorkSpace\Git\AutomationFramework\Build" /><setting name="ImageRuntimeVersion" value="4.0.30319" /><setting name="ImageTargetFrameworkName" value=".NETFramework,Version=v4.5.2" /><setting name="ImageRequiresX86" value="False" /><setting name="ImageRequiresDefaultAppDomainAssemblyResolver" value="False" /><setting name="RuntimeFramework" value="net-4.0" /><setting name="NumberOfTestWorkers" value="8" /></settings><properties><property name="ParallelScope" value="Fixtures" /><property name="_PID" value="18108" /><property name="_APPDOMAIN" value="test-domain-AutomationTesting.dll" /></properties><failure><message><![CDATA[One or more child tests had errors]]></message></failure><test-suite type="TestSuite" id="0-1707" name="AutomationTesting" fullname="AutomationTesting" runstate="Runnable" testcasecount="582" result="Failed" site="Child" start-time="2016-06-26 08:49:13Z" end-time="2016-06-26 08:50:01Z" duration="48.122700" total="10" passed="3" failed="7" inconclusive="0" skipped="0" asserts="3"><failure><message><![CDATA[One or more child tests had errors]]></message></failure><test-suite type="TestSuite" id="0-1708" name="Feature" fullname="AutomationTesting.Feature" runstate="Runnable" testcasecount="537" result="Failed" site="Child" start-time="2016-06-26 08:49:13Z" end-time="2016-06-26 08:50:01Z" duration="48.119214" total="10" passed="3" failed="7" inconclusive="0" skipped="0" asserts="3"><failure><message><![CDATA[One or more child tests had errors]]></message></failure><test-suite type="TestSuite" id="0-1710" name="Login_Mail_Parallel" fullname="AutomationTesting.Feature.Login_Mail_Parallel" runstate="Runnable" testcasecount="530" result="Failed" site="Child" start-time="2016-06-26 08:49:13Z" end-time="2016-06-26 08:50:01Z" duration="48.115741" total="10" passed="3" failed="7" inconclusive="0" skipped="0" asserts="3"><failure><message><![CDATA[One or more child tests had errors]]></message></failure><test-suite type="ParameterizedFixture" id="0-1703" name="TestParalell" fullname="AutomationTesting.Feature.Login_Mail_Parallel.TestParalell" runstate="Runnable" testcasecount="530" result="Failed" site="Child" start-time="2016-06-26 08:49:13Z" end-time="2016-06-26 08:50:01Z" duration="48.112193" total="10" passed="3" failed="7" inconclusive="0" skipped="0" asserts="3"><failure><message><![CDATA[One or more child tests had errors]]></message></failure><test-suite type="TestFixture" id="0-1191" name="TestParalell(FirefoxDesktop,WebBrowserFactory)" fullname="AutomationTesting.Feature.Login_Mail_Parallel.TestParalell(FirefoxDesktop,WebBrowserFactory)" classname="AutomationTesting.Feature.Login_Mail_Parallel.TestParalell" runstate="Runnable" testcasecount="53" result="Failed" site="Child" start-time="2016-06-26 08:49:13Z" end-time="2016-06-26 08:49:31Z" duration="18.007325" total="1" passed="0" failed="1" inconclusive="0" skipped="0" asserts="0"><properties><property name="ParallelScope" value="Self" /></properties><failure><message><![CDATA[One or more child tests had errors]]></message></failure><test-case id="0-1192" name="LoginMailSucessfullyParalell" fullname="AutomationTesting.Feature.Login_Mail_Parallel.TestParalell(FirefoxDesktop,WebBrowserFactory).LoginMailSucessfullyParalell" methodname="LoginMailSucessfullyParalell" classname="AutomationTesting.Feature.Login_Mail_Parallel.TestParalell" runstate="Runnable" seed="315218276" result="Failed" label="Error" start-time="2016-06-26 08:49:13Z" end-time="2016-06-26 08:49:31Z" duration="17.998291" asserts="0"><properties><property name="Category" value="SearchGoogle" /></properties><failure><message><![CDATA[System.Reflection.TargetInvocationException : Exception has been thrown by the target of an invocation.
  ----> System.Reflection.TargetInvocationException : Exception has been thrown by the target of an invocation.
  ----> OpenQA.Selenium.WebDriverException : A exception with a null response was thrown sending an HTTP request to the remote WebDriver server for URL http://localhost:7055/hub/session. The status of the exception was ReceiveFailure, and the message was: The underlying connection was closed: An unexpected error occurred on a receive.
  ----> System.Net.WebException : The underlying connection was closed: An unexpected error occurred on a receive.
  ----> System.IO.IOException : Unable to read data from the transport connection: An existing connection was forcibly closed by the remote host.
  ----> System.Net.Sockets.SocketException : An existing connection was forcibly closed by the remote host
TearDown : AutomationFrameWork.Exceptions.StepErrorException : Please call method 'StartDriver' before can get Driver]]></message><stack-trace><![CDATA[   at System.RuntimeMethodHandle.InvokeMethod(Object target, Object[] arguments, Signature sig, Boolean constructor)
   at System.Reflection.RuntimeMethodInfo.UnsafeInvokeInternal(Object obj, Object[] parameters, Object[] arguments)
   at System.Reflection.RuntimeMethodInfo.Invoke(Object obj, BindingFlags invokeAttr, Binder binder, Object[] parameters, CultureInfo culture)
   at System.Reflection.MethodBase.Invoke(Object obj, Object[] parameters)
   at AutomationFrameWork.Driver.DriverManager`1.StartDriver(FactoryType factoryType, Browser type, Object driverServices, Object desiredCapabilities, Int32 commandTimeOut, Int32 pageLoadTimeout, Int32 scriptTimeout, Boolean isMaximize) in D:\WorkSpace\Git\AutomationFramework\AutomationFrameWork\Base\Driver\Core\DriverManager.cs:line 63
   at AutomationTesting.Feature.Login_Mail_Parallel.TestParalell.SetUp() in D:\WorkSpace\Git\AutomationFramework\AutomationTesting\Feature\Login Mail Parallel\LoginMailParalell.cs:line 37
--TargetInvocationException
   at System.RuntimeMethodHandle.InvokeMethod(Object target, Object[] arguments, Signature sig, Boolean constructor)
   at System.Reflection.RuntimeMethodInfo.UnsafeInvokeInternal(Object obj, Object[] parameters, Object[] arguments)
   at System.Reflection.RuntimeMethodInfo.Invoke(Object obj, BindingFlags invokeAttr, Binder binder, Object[] parameters, CultureInfo culture)
   at System.Reflection.MethodBase.Invoke(Object obj, Object[] parameters)
   at AutomationFrameWork.Driver.Factory.WebBrowserFactory.GetDriver() in D:\WorkSpace\Git\AutomationFramework\AutomationFrameWork\Base\Driver\DriverFactory\WebBrowserFactory.cs:line 49
--WebDriverException
   at OpenQA.Selenium.Remote.HttpCommandExecutor.CreateResponse(WebRequest request)
   at OpenQA.Selenium.Remote.HttpCommandExecutor.Execute(Command commandToExecute)
   at OpenQA.Selenium.Firefox.FirefoxDriverCommandExecutor.Execute(Command commandToExecute)
   at OpenQA.Selenium.Remote.RemoteWebDriver.Execute(String driverCommandToExecute, Dictionary`2 parameters)
   at OpenQA.Selenium.Remote.RemoteWebDriver.StartSession(ICapabilities desiredCapabilities)
   at OpenQA.Selenium.Remote.RemoteWebDriver..ctor(ICommandExecutor commandExecutor, ICapabilities desiredCapabilities)
   at OpenQA.Selenium.Firefox.FirefoxDriver..ctor(FirefoxBinary binary, FirefoxProfile profile, TimeSpan commandTimeout)
   at AutomationFrameWork.Driver.WebDriver.FirefoxDesktop.StartDriver(Object driverServices, Object desiredCapabilities, Int32 commandTimeOut, Int32 pageLoadTimeout, Int32 scriptTimeout, Boolean isMaximize) in D:\WorkSpace\Git\AutomationFramework\AutomationFrameWork\Base\Driver\WebDriver\FirefoxDesktop.cs:line 43
--WebException
   at System.Net.HttpWebRequest.GetResponse()
   at OpenQA.Selenium.Remote.HttpCommandExecutor.CreateResponse(WebRequest request)
--IOException
   at System.Net.Sockets.NetworkStream.Read(Byte[] buffer, Int32 offset, Int32 size)
   at System.Net.PooledStream.Read(Byte[] buffer, Int32 offset, Int32 size)
   at System.Net.Connection.SyncRead(HttpWebRequest request, Boolean userRetrievedStream, Boolean probeRead)
--SocketException
   at System.Net.Sockets.Socket.Receive(Byte[] buffer, Int32 offset, Int32 size, SocketFlags socketFlags)
   at System.Net.Sockets.NetworkStream.Read(Byte[] buffer, Int32 offset, Int32 size)
--TearDown
   at AutomationFrameWork.Driver.DriverManager`1.get_DriverStored() in D:\WorkSpace\Git\AutomationFramework\AutomationFrameWork\Base\Driver\Core\DriverManager.cs:line 32
   at AutomationFrameWork.Driver.DriverManager`1.CloseDriver() in D:\WorkSpace\Git\AutomationFramework\AutomationFrameWork\Base\Driver\Core\DriverManager.cs:line 73
   at AutomationTesting.Feature.Login_Mail_Parallel.TestParalell.TearDown() in D:\WorkSpace\Git\AutomationFramework\AutomationTesting\Feature\Login Mail Parallel\LoginMailParalell.cs:line 175]]></stack-trace></failure></test-case></test-suite><test-suite type="TestFixture" id="0-1063" name="TestParalell(ChromeDesktop,WebBrowserFactory)" fullname="AutomationTesting.Feature.Login_Mail_Parallel.TestParalell(ChromeDesktop,WebBrowserFactory)" classname="AutomationTesting.Feature.Login_Mail_Parallel.TestParalell" runstate="Runnable" testcasecount="53" result="Passed" start-time="2016-06-26 08:49:13Z" end-time="2016-06-26 08:49:39Z" duration="26.163280" total="1" passed="1" failed="0" inconclusive="0" skipped="0" asserts="1"><properties><property name="ParallelScope" value="Self" /></properties><test-case id="0-1064" name="LoginMailSucessfullyParalell" fullname="AutomationTesting.Feature.Login_Mail_Parallel.TestParalell(ChromeDesktop,WebBrowserFactory).LoginMailSucessfullyParalell" methodname="LoginMailSucessfullyParalell" classname="AutomationTesting.Feature.Login_Mail_Parallel.TestParalell" runstate="Runnable" seed="425963298" result="Passed" start-time="2016-06-26 08:49:13Z" end-time="2016-06-26 08:49:39Z" duration="26.156213" asserts="1"><properties><property name="Category" value="SearchGoogle" /></properties></test-case></test-suite><test-suite type="TestFixture" id="0-1255" name="TestParalell(InternetExplorerDesktop,WebBrowserFactory)" fullname="AutomationTesting.Feature.Login_Mail_Parallel.TestParalell(InternetExplorerDesktop,WebBrowserFactory)" classname="AutomationTesting.Feature.Login_Mail_Parallel.TestParalell" runstate="Runnable" testcasecount="53" result="Passed" start-time="2016-06-26 08:49:13Z" end-time="2016-06-26 08:49:39Z" duration="26.581219" total="1" passed="1" failed="0" inconclusive="0" skipped="0" asserts="1"><properties><property name="ParallelScope" value="Self" /></properties><test-case id="0-1256" name="LoginMailSucessfullyParalell" fullname="AutomationTesting.Feature.Login_Mail_Parallel.TestParalell(InternetExplorerDesktop,WebBrowserFactory).LoginMailSucessfullyParalell" methodname="LoginMailSucessfullyParalell" classname="AutomationTesting.Feature.Login_Mail_Parallel.TestParalell" runstate="Runnable" seed="2139037176" result="Passed" start-time="2016-06-26 08:49:13Z" end-time="2016-06-26 08:49:39Z" duration="26.574723" asserts="1"><properties><property name="Category" value="SearchGoogle" /></properties></test-case></test-suite><test-suite type="TestFixture" id="0-1319" name="TestParalell(iPhone4,WebBrowserFactory)" fullname="AutomationTesting.Feature.Login_Mail_Parallel.TestParalell(iPhone4,WebBrowserFactory)" classname="AutomationTesting.Feature.Login_Mail_Parallel.TestParalell" runstate="Runnable" testcasecount="53" result="Failed" site="Child" start-time="2016-06-26 08:49:13Z" end-time="2016-06-26 08:49:47Z" duration="34.210548" total="1" passed="0" failed="1" inconclusive="0" skipped="0" asserts="0"><properties><property name="ParallelScope" value="Self" /></properties><failure><message><![CDATA[One or more child tests had errors]]></message></failure><test-case id="0-1320" name="LoginMailSucessfullyParalell" fullname="AutomationTesting.Feature.Login_Mail_Parallel.TestParalell(iPhone4,WebBrowserFactory).LoginMailSucessfullyParalell" methodname="LoginMailSucessfullyParalell" classname="AutomationTesting.Feature.Login_Mail_Parallel.TestParalell" runstate="Runnable" seed="739986741" result="Failed" label="Error" start-time="2016-06-26 08:49:13Z" end-time="2016-06-26 08:49:47Z" duration="34.203641" asserts="0"><properties><property name="Category" value="SearchGoogle" /></properties><failure><message><![CDATA[System.OperationCanceledException : Get Timed out after 15 seconds, [specflowdemo@gmail.com] is not displayed in WebPage title [Gmail]]]></message><stack-trace><![CDATA[   at AutomationFrameWork.ActionsKeys.WebKeywords.WaitTitleContains(String title, Int32 timeOut) in D:\WorkSpace\Git\AutomationFramework\AutomationFrameWork\ActionKeywords\WebKeywords.cs:line 166
   at AutomationTesting.POM.HomePage.LoginValidate.ValidateLoginSucesfully(String expected) in D:\WorkSpace\Git\AutomationFramework\AutomationTesting\POM\HomePage\LoginValidate .cs:line 11
   at AutomationTesting.Feature.Login_Mail_Parallel.TestParalell.LoginMailSucessfullyParalell() in D:\WorkSpace\Git\AutomationFramework\AutomationTesting\Feature\Login Mail Parallel\LoginMailParalell.cs:line 48]]></stack-trace></failure></test-case></test-suite><test-suite type="TestFixture" id="0-1511" name="TestParalell(Nexus6,WebBrowserFactory)" fullname="AutomationTesting.Feature.Login_Mail_Parallel.TestParalell(Nexus6,WebBrowserFactory)" classname="AutomationTesting.Feature.Login_Mail_Parallel.TestParalell" runstate="Runnable" testcasecount="53" result="Failed" site="Child" start-time="2016-06-26 08:49:13Z" end-time="2016-06-26 08:49:47Z" duration="34.484689" total="1" passed="0" failed="1" inconclusive="0" skipped="0" asserts="0"><properties><property name="ParallelScope" value="Self" /></properties><failure><message><![CDATA[One or more child tests had errors]]></message></failure><test-case id="0-1512" name="LoginMailSucessfullyParalell" fullname="AutomationTesting.Feature.Login_Mail_Parallel.TestParalell(Nexus6,WebBrowserFactory).LoginMailSucessfullyParalell" methodname="LoginMailSucessfullyParalell" classname="AutomationTesting.Feature.Login_Mail_Parallel.TestParalell" runstate="Runnable" seed="1889296407" result="Failed" label="Error" start-time="2016-06-26 08:49:13Z" end-time="2016-06-26 08:49:47Z" duration="34.477956" asserts="0"><properties><property name="Category" value="SearchGoogle" /></properties><failure><message><![CDATA[System.OperationCanceledException : Get Timed out after 15 seconds, [specflowdemo@gmail.com] is not displayed in WebPage title [Gmail]]]></message><stack-trace><![CDATA[   at AutomationFrameWork.ActionsKeys.WebKeywords.WaitTitleContains(String title, Int32 timeOut) in D:\WorkSpace\Git\AutomationFramework\AutomationFrameWork\ActionKeywords\WebKeywords.cs:line 166
   at AutomationTesting.POM.HomePage.LoginValidate.ValidateLoginSucesfully(String expected) in D:\WorkSpace\Git\AutomationFramework\AutomationTesting\POM\HomePage\LoginValidate .cs:line 11
   at AutomationTesting.Feature.Login_Mail_Parallel.TestParalell.LoginMailSucessfullyParalell() in D:\WorkSpace\Git\AutomationFramework\AutomationTesting\Feature\Login Mail Parallel\LoginMailParalell.cs:line 48]]></stack-trace></failure></test-case></test-suite><test-suite type="TestFixture" id="0-1383" name="TestParalell(iPhone5,WebBrowserFactory)" fullname="AutomationTesting.Feature.Login_Mail_Parallel.TestParalell(iPhone5,WebBrowserFactory)" classname="AutomationTesting.Feature.Login_Mail_Parallel.TestParalell" runstate="Runnable" testcasecount="53" result="Failed" site="Child" start-time="2016-06-26 08:49:13Z" end-time="2016-06-26 08:49:47Z" duration="34.584722" total="1" passed="0" failed="1" inconclusive="0" skipped="0" asserts="0"><properties><property name="ParallelScope" value="Self" /></properties><failure><message><![CDATA[One or more child tests had errors]]></message></failure><test-case id="0-1384" name="LoginMailSucessfullyParalell" fullname="AutomationTesting.Feature.Login_Mail_Parallel.TestParalell(iPhone5,WebBrowserFactory).LoginMailSucessfullyParalell" methodname="LoginMailSucessfullyParalell" classname="AutomationTesting.Feature.Login_Mail_Parallel.TestParalell" runstate="Runnable" seed="1022574981" result="Failed" label="Error" start-time="2016-06-26 08:49:13Z" end-time="2016-06-26 08:49:47Z" duration="34.578087" asserts="0"><properties><property name="Category" value="SearchGoogle" /></properties><failure><message><![CDATA[System.OperationCanceledException : Get Timed out after 15 seconds, [specflowdemo@gmail.com] is not displayed in WebPage title [Gmail]]]></message><stack-trace><![CDATA[   at AutomationFrameWork.ActionsKeys.WebKeywords.WaitTitleContains(String title, Int32 timeOut) in D:\WorkSpace\Git\AutomationFramework\AutomationFrameWork\ActionKeywords\WebKeywords.cs:line 166
   at AutomationTesting.POM.HomePage.LoginValidate.ValidateLoginSucesfully(String expected) in D:\WorkSpace\Git\AutomationFramework\AutomationTesting\POM\HomePage\LoginValidate .cs:line 11
   at AutomationTesting.Feature.Login_Mail_Parallel.TestParalell.LoginMailSucessfullyParalell() in D:\WorkSpace\Git\AutomationFramework\AutomationTesting\Feature\Login Mail Parallel\LoginMailParalell.cs:line 48]]></stack-trace></failure></test-case></test-suite><test-suite type="TestFixture" id="0-1447" name="TestParalell(iPhone6,WebBrowserFactory)" fullname="AutomationTesting.Feature.Login_Mail_Parallel.TestParalell(iPhone6,WebBrowserFactory)" classname="AutomationTesting.Feature.Login_Mail_Parallel.TestParalell" runstate="Runnable" testcasecount="53" result="Failed" site="Child" start-time="2016-06-26 08:49:13Z" end-time="2016-06-26 08:49:48Z" duration="34.680910" total="1" passed="0" failed="1" inconclusive="0" skipped="0" asserts="0"><properties><property name="ParallelScope" value="Self" /></properties><failure><message><![CDATA[One or more child tests had errors]]></message></failure><test-case id="0-1448" name="LoginMailSucessfullyParalell" fullname="AutomationTesting.Feature.Login_Mail_Parallel.TestParalell(iPhone6,WebBrowserFactory).LoginMailSucessfullyParalell" methodname="LoginMailSucessfullyParalell" classname="AutomationTesting.Feature.Login_Mail_Parallel.TestParalell" runstate="Runnable" seed="515303829" result="Failed" label="Error" start-time="2016-06-26 08:49:13Z" end-time="2016-06-26 08:49:48Z" duration="34.674197" asserts="0"><properties><property name="Category" value="SearchGoogle" /></properties><failure><message><![CDATA[System.OperationCanceledException : Get Timed out after 15 seconds, [specflowdemo@gmail.com] is not displayed in WebPage title [Gmail]]]></message><stack-trace><![CDATA[   at AutomationFrameWork.ActionsKeys.WebKeywords.WaitTitleContains(String title, Int32 timeOut) in D:\WorkSpace\Git\AutomationFramework\AutomationFrameWork\ActionKeywords\WebKeywords.cs:line 166
   at AutomationTesting.POM.HomePage.LoginValidate.ValidateLoginSucesfully(String expected) in D:\WorkSpace\Git\AutomationFramework\AutomationTesting\POM\HomePage\LoginValidate .cs:line 11
   at AutomationTesting.Feature.Login_Mail_Parallel.TestParalell.LoginMailSucessfullyParalell() in D:\WorkSpace\Git\AutomationFramework\AutomationTesting\Feature\Login Mail Parallel\LoginMailParalell.cs:line 48]]></stack-trace></failure></test-case></test-suite><test-suite type="TestFixture" id="0-1127" name="TestParalell(iPad,WebBrowserFactory)" fullname="AutomationTesting.Feature.Login_Mail_Parallel.TestParalell(iPad,WebBrowserFactory)" classname="AutomationTesting.Feature.Login_Mail_Parallel.TestParalell" runstate="Runnable" testcasecount="53" result="Failed" site="Child" start-time="2016-06-26 08:49:13Z" end-time="2016-06-26 08:49:50Z" duration="37.217555" total="1" passed="0" failed="1" inconclusive="0" skipped="0" asserts="0"><properties><property name="ParallelScope" value="Self" /></properties><failure><message><![CDATA[One or more child tests had errors]]></message></failure><test-case id="0-1128" name="LoginMailSucessfullyParalell" fullname="AutomationTesting.Feature.Login_Mail_Parallel.TestParalell(iPad,WebBrowserFactory).LoginMailSucessfullyParalell" methodname="LoginMailSucessfullyParalell" classname="AutomationTesting.Feature.Login_Mail_Parallel.TestParalell" runstate="Runnable" seed="1968259864" result="Failed" label="Error" start-time="2016-06-26 08:49:13Z" end-time="2016-06-26 08:49:50Z" duration="37.210593" asserts="0"><properties><property name="Category" value="SearchGoogle" /></properties><failure><message><![CDATA[System.OperationCanceledException : Get Timed out after 15 seconds, [specflowdemo@gmail.com] is not displayed in WebPage title [Gmail]]]></message><stack-trace><![CDATA[   at AutomationFrameWork.ActionsKeys.WebKeywords.WaitTitleContains(String title, Int32 timeOut) in D:\WorkSpace\Git\AutomationFramework\AutomationFrameWork\ActionKeywords\WebKeywords.cs:line 166
   at AutomationTesting.POM.HomePage.LoginValidate.ValidateLoginSucesfully(String expected) in D:\WorkSpace\Git\AutomationFramework\AutomationTesting\POM\HomePage\LoginValidate .cs:line 11
   at AutomationTesting.Feature.Login_Mail_Parallel.TestParalell.LoginMailSucessfullyParalell() in D:\WorkSpace\Git\AutomationFramework\AutomationTesting\Feature\Login Mail Parallel\LoginMailParalell.cs:line 48]]></stack-trace></failure></test-case></test-suite><test-suite type="TestFixture" id="0-1639" name="TestParalell(PhantomJSBrowser,PhantomJSBrowserFactory)" fullname="AutomationTesting.Feature.Login_Mail_Parallel.TestParalell(PhantomJSBrowser,PhantomJSBrowserFactory)" classname="AutomationTesting.Feature.Login_Mail_Parallel.TestParalell" runstate="Runnable" testcasecount="53" result="Passed" start-time="2016-06-26 08:49:39Z" end-time="2016-06-26 08:49:56Z" duration="16.619025" total="1" passed="1" failed="0" inconclusive="0" skipped="0" asserts="1"><properties><property name="ParallelScope" value="Self" /></properties><test-case id="0-1640" name="LoginMailSucessfullyParalell" fullname="AutomationTesting.Feature.Login_Mail_Parallel.TestParalell(PhantomJSBrowser,PhantomJSBrowserFactory).LoginMailSucessfullyParalell" methodname="LoginMailSucessfullyParalell" classname="AutomationTesting.Feature.Login_Mail_Parallel.TestParalell" runstate="Runnable" seed="1070455911" result="Passed" start-time="2016-06-26 08:49:39Z" end-time="2016-06-26 08:49:56Z" duration="16.615338" asserts="1"><properties><property name="Category" value="SearchGoogle" /></properties><output><![CDATA[Hộp thư đến (10) - specflowdemo@gmail.com - Gmail
]]></output></test-case></test-suite><test-suite type="TestFixture" id="0-1575" name="TestParalell(Nexus7,WebBrowserFactory)" fullname="AutomationTesting.Feature.Login_Mail_Parallel.TestParalell(Nexus7,WebBrowserFactory)" classname="AutomationTesting.Feature.Login_Mail_Parallel.TestParalell" runstate="Runnable" testcasecount="53" result="Failed" site="Child" start-time="2016-06-26 08:49:31Z" end-time="2016-06-26 08:50:01Z" duration="30.096827" total="1" passed="0" failed="1" inconclusive="0" skipped="0" asserts="0"><properties><property name="ParallelScope" value="Self" /></properties><failure><message><![CDATA[One or more child tests had errors]]></message></failure><test-case id="0-1576" name="LoginMailSucessfullyParalell" fullname="AutomationTesting.Feature.Login_Mail_Parallel.TestParalell(Nexus7,WebBrowserFactory).LoginMailSucessfullyParalell" methodname="LoginMailSucessfullyParalell" classname="AutomationTesting.Feature.Login_Mail_Parallel.TestParalell" runstate="Runnable" seed="36246421" result="Failed" label="Error" start-time="2016-06-26 08:49:31Z" end-time="2016-06-26 08:50:01Z" duration="30.093610" asserts="0"><properties><property name="Category" value="SearchGoogle" /></properties><failure><message><![CDATA[System.OperationCanceledException : Get Timed out after 15 seconds, [specflowdemo@gmail.com] is not displayed in WebPage title [Gmail]]]></message><stack-trace><![CDATA[   at AutomationFrameWork.ActionsKeys.WebKeywords.WaitTitleContains(String title, Int32 timeOut) in D:\WorkSpace\Git\AutomationFramework\AutomationFrameWork\ActionKeywords\WebKeywords.cs:line 166
   at AutomationTesting.POM.HomePage.LoginValidate.ValidateLoginSucesfully(String expected) in D:\WorkSpace\Git\AutomationFramework\AutomationTesting\POM\HomePage\LoginValidate .cs:line 11
   at AutomationTesting.Feature.Login_Mail_Parallel.TestParalell.LoginMailSucessfullyParalell() in D:\WorkSpace\Git\AutomationFramework\AutomationTesting\Feature\Login Mail Parallel\LoginMailParalell.cs:line 48]]></stack-trace></failure></test-case></test-suite></test-suite></test-suite></test-suite></test-suite></test-suite>
<test-run id="2" name="AutomationTesting.dll" fullname="D:\WorkSpace\Git\AutomationFramework\Build\AutomationTesting.dll" testcasecount="582" result="Failed" total="10" passed="3" failed="7" inconclusive="0" skipped="0" asserts="3" engine-version="3.2.1.0" clr-version="4.0.30319.42000" start-time="2016-06-26 08:49:13Z" end-time="2016-06-26 08:50:01Z" duration="48.429417"><command-line><![CDATA["D:\PROGRAM FILES (X86)\MICROSOFT VISUAL STUDIO 14.0\COMMON7\IDE\COMMONEXTENSIONS\MICROSOFT\TESTWINDOW\te.processhost.managed.exe"  /role=TestExecution /wexcommunication_connectionid=F2464953-5677-44DE-BD5D-A6F95954E4F2 /stackframecount=50 /wexcommunication_protocol=ncalrpc]]></command-line><filter><or><test>AutomationTesting.Feature.Login_Mail_Parallel.TestParalell(ChromeDesktop,WebBrowserFactory).LoginMailSucessfullyParalell</test><test>AutomationTesting.Feature.Login_Mail_Parallel.TestParalell(FirefoxDesktop,WebBrowserFactory).LoginMailSucessfullyParalell</test><test>AutomationTesting.Feature.Login_Mail_Parallel.TestParalell(InternetExplorerDesktop,WebBrowserFactory).LoginMailSucessfullyParalell</test><test>AutomationTesting.Feature.Login_Mail_Parallel.TestParalell(iPad,WebBrowserFactory).LoginMailSucessfullyParalell</test><test>AutomationTesting.Feature.Login_Mail_Parallel.TestParalell(iPhone4,WebBrowserFactory).LoginMailSucessfullyParalell</test><test>AutomationTesting.Feature.Login_Mail_Parallel.TestParalell(iPhone5,WebBrowserFactory).LoginMailSucessfullyParalell</test><test>AutomationTesting.Feature.Login_Mail_Parallel.TestParalell(iPhone6,WebBrowserFactory).LoginMailSucessfullyParalell</test><test>AutomationTesting.Feature.Login_Mail_Parallel.TestParalell(Nexus6,WebBrowserFactory).LoginMailSucessfullyParalell</test><test>AutomationTesting.Feature.Login_Mail_Parallel.TestParalell(Nexus7,WebBrowserFactory).LoginMailSucessfullyParalell</test><test>AutomationTesting.Feature.Login_Mail_Parallel.TestParalell(PhantomJSBrowser,PhantomJSBrowserFactory).LoginMailSucessfullyParalell</test></or></filter><test-suite type="Assembly" id="0-1706" name="AutomationTesting.dll" fullname="D:\WorkSpace\Git\AutomationFramework\Build\AutomationTesting.dll" runstate="Runnable" testcasecount="582" result="Failed" site="Child" start-time="2016-06-26 08:49:13Z" end-time="2016-06-26 08:50:01Z" duration="48.134885" total="10" passed="3" failed="7" inconclusive="0" skipped="0" asserts="3"><environment framework-version="3.4.0.0" clr-version="4.0.30319.42000" os-version="Microsoft Windows NT 10.0.10586.0" platform="Win32NT" cwd="D:\WorkSpace\Git\AutomationFramework\Build" machine-name="MINHHOANG" user="Minh" user-domain="MINHHOANG" culture="en-US" uiculture="en-US" os-architecture="x86" /><settings><setting name="ProcessModel" value="InProcess" /><setting name="DomainUsage" value="Single" /><setting name="WorkDirectory" value="D:\WorkSpace\Git\AutomationFramework\Build" /><setting name="ImageRuntimeVersion" value="4.0.30319" /><setting name="ImageTargetFrameworkName" value=".NETFramework,Version=v4.5.2" /><setting name="ImageRequiresX86" value="False" /><setting name="ImageRequiresDefaultAppDomainAssemblyResolver" value="False" /><setting name="RuntimeFramework" value="net-4.0" /><setting name="NumberOfTestWorkers" value="8" /></settings><properties><property name="ParallelScope" value="Fixtures" /><property name="_PID" value="18108" /><property name="_APPDOMAIN" value="test-domain-AutomationTesting.dll" /></properties><failure><message><![CDATA[One or more child tests had errors]]></message></failure><test-suite type="TestSuite" id="0-1707" name="AutomationTesting" fullname="AutomationTesting" runstate="Runnable" testcasecount="582" result="Failed" site="Child" start-time="2016-06-26 08:49:13Z" end-time="2016-06-26 08:50:01Z" duration="48.122700" total="10" passed="3" failed="7" inconclusive="0" skipped="0" asserts="3"><failure><message><![CDATA[One or more child tests had errors]]></message></failure><test-suite type="TestSuite" id="0-1708" name="Feature" fullname="AutomationTesting.Feature" runstate="Runnable" testcasecount="537" result="Failed" site="Child" start-time="2016-06-26 08:49:13Z" end-time="2016-06-26 08:50:01Z" duration="48.119214" total="10" passed="3" failed="7" inconclusive="0" skipped="0" asserts="3"><failure><message><![CDATA[One or more child tests had errors]]></message></failure><test-suite type="TestSuite" id="0-1710" name="Login_Mail_Parallel" fullname="AutomationTesting.Feature.Login_Mail_Parallel" runstate="Runnable" testcasecount="530" result="Failed" site="Child" start-time="2016-06-26 08:49:13Z" end-time="2016-06-26 08:50:01Z" duration="48.115741" total="10" passed="3" failed="7" inconclusive="0" skipped="0" asserts="3"><failure><message><![CDATA[One or more child tests had errors]]></message></failure><test-suite type="ParameterizedFixture" id="0-1703" name="TestParalell" fullname="AutomationTesting.Feature.Login_Mail_Parallel.TestParalell" runstate="Runnable" testcasecount="530" result="Failed" site="Child" start-time="2016-06-26 08:49:13Z" end-time="2016-06-26 08:50:01Z" duration="48.112193" total="10" passed="3" failed="7" inconclusive="0" skipped="0" asserts="3"><failure><message><![CDATA[One or more child tests had errors]]></message></failure><test-suite type="TestFixture" id="0-1191" name="TestParalell(FirefoxDesktop,WebBrowserFactory)" fullname="AutomationTesting.Feature.Login_Mail_Parallel.TestParalell(FirefoxDesktop,WebBrowserFactory)" classname="AutomationTesting.Feature.Login_Mail_Parallel.TestParalell" runstate="Runnable" testcasecount="53" result="Failed" site="Child" start-time="2016-06-26 08:49:13Z" end-time="2016-06-26 08:49:31Z" duration="18.007325" total="1" passed="0" failed="1" inconclusive="0" skipped="0" asserts="0"><properties><property name="ParallelScope" value="Self" /></properties><failure><message><![CDATA[One or more child tests had errors]]></message></failure><test-case id="0-1192" name="LoginMailSucessfullyParalell" fullname="AutomationTesting.Feature.Login_Mail_Parallel.TestParalell(FirefoxDesktop,WebBrowserFactory).LoginMailSucessfullyParalell" methodname="LoginMailSucessfullyParalell" classname="AutomationTesting.Feature.Login_Mail_Parallel.TestParalell" runstate="Runnable" seed="315218276" result="Failed" label="Error" start-time="2016-06-26 08:49:13Z" end-time="2016-06-26 08:49:31Z" duration="17.998291" asserts="0"><properties><property name="Category" value="SearchGoogle" /></properties><failure><message><![CDATA[System.Reflection.TargetInvocationException : Exception has been thrown by the target of an invocation.
  ----> System.Reflection.TargetInvocationException : Exception has been thrown by the target of an invocation.
  ----> OpenQA.Selenium.WebDriverException : A exception with a null response was thrown sending an HTTP request to the remote WebDriver server for URL http://localhost:7055/hub/session. The status of the exception was ReceiveFailure, and the message was: The underlying connection was closed: An unexpected error occurred on a receive.
  ----> System.Net.WebException : The underlying connection was closed: An unexpected error occurred on a receive.
  ----> System.IO.IOException : Unable to read data from the transport connection: An existing connection was forcibly closed by the remote host.
  ----> System.Net.Sockets.SocketException : An existing connection was forcibly closed by the remote host
TearDown : AutomationFrameWork.Exceptions.StepErrorException : Please call method 'StartDriver' before can get Driver]]></message><stack-trace><![CDATA[   at System.RuntimeMethodHandle.InvokeMethod(Object target, Object[] arguments, Signature sig, Boolean constructor)
   at System.Reflection.RuntimeMethodInfo.UnsafeInvokeInternal(Object obj, Object[] parameters, Object[] arguments)
   at System.Reflection.RuntimeMethodInfo.Invoke(Object obj, BindingFlags invokeAttr, Binder binder, Object[] parameters, CultureInfo culture)
   at System.Reflection.MethodBase.Invoke(Object obj, Object[] parameters)
   at AutomationFrameWork.Driver.DriverManager`1.StartDriver(FactoryType factoryType, Browser type, Object driverServices, Object desiredCapabilities, Int32 commandTimeOut, Int32 pageLoadTimeout, Int32 scriptTimeout, Boolean isMaximize) in D:\WorkSpace\Git\AutomationFramework\AutomationFrameWork\Base\Driver\Core\DriverManager.cs:line 63
   at AutomationTesting.Feature.Login_Mail_Parallel.TestParalell.SetUp() in D:\WorkSpace\Git\AutomationFramework\AutomationTesting\Feature\Login Mail Parallel\LoginMailParalell.cs:line 37
--TargetInvocationException
   at System.RuntimeMethodHandle.InvokeMethod(Object target, Object[] arguments, Signature sig, Boolean constructor)
   at System.Reflection.RuntimeMethodInfo.UnsafeInvokeInternal(Object obj, Object[] parameters, Object[] arguments)
   at System.Reflection.RuntimeMethodInfo.Invoke(Object obj, BindingFlags invokeAttr, Binder binder, Object[] parameters, CultureInfo culture)
   at System.Reflection.MethodBase.Invoke(Object obj, Object[] parameters)
   at AutomationFrameWork.Driver.Factory.WebBrowserFactory.GetDriver() in D:\WorkSpace\Git\AutomationFramework\AutomationFrameWork\Base\Driver\DriverFactory\WebBrowserFactory.cs:line 49
--WebDriverException
   at OpenQA.Selenium.Remote.HttpCommandExecutor.CreateResponse(WebRequest request)
   at OpenQA.Selenium.Remote.HttpCommandExecutor.Execute(Command commandToExecute)
   at OpenQA.Selenium.Firefox.FirefoxDriverCommandExecutor.Execute(Command commandToExecute)
   at OpenQA.Selenium.Remote.RemoteWebDriver.Execute(String driverCommandToExecute, Dictionary`2 parameters)
   at OpenQA.Selenium.Remote.RemoteWebDriver.StartSession(ICapabilities desiredCapabilities)
   at OpenQA.Selenium.Remote.RemoteWebDriver..ctor(ICommandExecutor commandExecutor, ICapabilities desiredCapabilities)
   at OpenQA.Selenium.Firefox.FirefoxDriver..ctor(FirefoxBinary binary, FirefoxProfile profile, TimeSpan commandTimeout)
   at AutomationFrameWork.Driver.WebDriver.FirefoxDesktop.StartDriver(Object driverServices, Object desiredCapabilities, Int32 commandTimeOut, Int32 pageLoadTimeout, Int32 scriptTimeout, Boolean isMaximize) in D:\WorkSpace\Git\AutomationFramework\AutomationFrameWork\Base\Driver\WebDriver\FirefoxDesktop.cs:line 43
--WebException
   at System.Net.HttpWebRequest.GetResponse()
   at OpenQA.Selenium.Remote.HttpCommandExecutor.CreateResponse(WebRequest request)
--IOException
   at System.Net.Sockets.NetworkStream.Read(Byte[] buffer, Int32 offset, Int32 size)
   at System.Net.PooledStream.Read(Byte[] buffer, Int32 offset, Int32 size)
   at System.Net.Connection.SyncRead(HttpWebRequest request, Boolean userRetrievedStream, Boolean probeRead)
--SocketException
   at System.Net.Sockets.Socket.Receive(Byte[] buffer, Int32 offset, Int32 size, SocketFlags socketFlags)
   at System.Net.Sockets.NetworkStream.Read(Byte[] buffer, Int32 offset, Int32 size)
--TearDown
   at AutomationFrameWork.Driver.DriverManager`1.get_DriverStored() in D:\WorkSpace\Git\AutomationFramework\AutomationFrameWork\Base\Driver\Core\DriverManager.cs:line 32
   at AutomationFrameWork.Driver.DriverManager`1.CloseDriver() in D:\WorkSpace\Git\AutomationFramework\AutomationFrameWork\Base\Driver\Core\DriverManager.cs:line 73
   at AutomationTesting.Feature.Login_Mail_Parallel.TestParalell.TearDown() in D:\WorkSpace\Git\AutomationFramework\AutomationTesting\Feature\Login Mail Parallel\LoginMailParalell.cs:line 175]]></stack-trace></failure></test-case></test-suite><test-suite type="TestFixture" id="0-1063" name="TestParalell(ChromeDesktop,WebBrowserFactory)" fullname="AutomationTesting.Feature.Login_Mail_Parallel.TestParalell(ChromeDesktop,WebBrowserFactory)" classname="AutomationTesting.Feature.Login_Mail_Parallel.TestParalell" runstate="Runnable" testcasecount="53" result="Passed" start-time="2016-06-26 08:49:13Z" end-time="2016-06-26 08:49:39Z" duration="26.163280" total="1" passed="1" failed="0" inconclusive="0" skipped="0" asserts="1"><properties><property name="ParallelScope" value="Self" /></properties><test-case id="0-1064" name="LoginMailSucessfullyParalell" fullname="AutomationTesting.Feature.Login_Mail_Parallel.TestParalell(ChromeDesktop,WebBrowserFactory).LoginMailSucessfullyParalell" methodname="LoginMailSucessfullyParalell" classname="AutomationTesting.Feature.Login_Mail_Parallel.TestParalell" runstate="Runnable" seed="425963298" result="Passed" start-time="2016-06-26 08:49:13Z" end-time="2016-06-26 08:49:39Z" duration="26.156213" asserts="1"><properties><property name="Category" value="SearchGoogle" /></properties></test-case></test-suite><test-suite type="TestFixture" id="0-1255" name="TestParalell(InternetExplorerDesktop,WebBrowserFactory)" fullname="AutomationTesting.Feature.Login_Mail_Parallel.TestParalell(InternetExplorerDesktop,WebBrowserFactory)" classname="AutomationTesting.Feature.Login_Mail_Parallel.TestParalell" runstate="Runnable" testcasecount="53" result="Passed" start-time="2016-06-26 08:49:13Z" end-time="2016-06-26 08:49:39Z" duration="26.581219" total="1" passed="1" failed="0" inconclusive="0" skipped="0" asserts="1"><properties><property name="ParallelScope" value="Self" /></properties><test-case id="0-1256" name="LoginMailSucessfullyParalell" fullname="AutomationTesting.Feature.Login_Mail_Parallel.TestParalell(InternetExplorerDesktop,WebBrowserFactory).LoginMailSucessfullyParalell" methodname="LoginMailSucessfullyParalell" classname="AutomationTesting.Feature.Login_Mail_Parallel.TestParalell" runstate="Runnable" seed="2139037176" result="Passed" start-time="2016-06-26 08:49:13Z" end-time="2016-06-26 08:49:39Z" duration="26.574723" asserts="1"><properties><property name="Category" value="SearchGoogle" /></properties></test-case></test-suite><test-suite type="TestFixture" id="0-1319" name="TestParalell(iPhone4,WebBrowserFactory)" fullname="AutomationTesting.Feature.Login_Mail_Parallel.TestParalell(iPhone4,WebBrowserFactory)" classname="AutomationTesting.Feature.Login_Mail_Parallel.TestParalell" runstate="Runnable" testcasecount="53" result="Failed" site="Child" start-time="2016-06-26 08:49:13Z" end-time="2016-06-26 08:49:47Z" duration="34.210548" total="1" passed="0" failed="1" inconclusive="0" skipped="0" asserts="0"><properties><property name="ParallelScope" value="Self" /></properties><failure><message><![CDATA[One or more child tests had errors]]></message></failure><test-case id="0-1320" name="LoginMailSucessfullyParalell" fullname="AutomationTesting.Feature.Login_Mail_Parallel.TestParalell(iPhone4,WebBrowserFactory).LoginMailSucessfullyParalell" methodname="LoginMailSucessfullyParalell" classname="AutomationTesting.Feature.Login_Mail_Parallel.TestParalell" runstate="Runnable" seed="739986741" result="Failed" label="Error" start-time="2016-06-26 08:49:13Z" end-time="2016-06-26 08:49:47Z" duration="34.203641" asserts="0"><properties><property name="Category" value="SearchGoogle" /></properties><failure><message><![CDATA[System.OperationCanceledException : Get Timed out after 15 seconds, [specflowdemo@gmail.com] is not displayed in WebPage title [Gmail]]]></message><stack-trace><![CDATA[   at AutomationFrameWork.ActionsKeys.WebKeywords.WaitTitleContains(String title, Int32 timeOut) in D:\WorkSpace\Git\AutomationFramework\AutomationFrameWork\ActionKeywords\WebKeywords.cs:line 166
   at AutomationTesting.POM.HomePage.LoginValidate.ValidateLoginSucesfully(String expected) in D:\WorkSpace\Git\AutomationFramework\AutomationTesting\POM\HomePage\LoginValidate .cs:line 11
   at AutomationTesting.Feature.Login_Mail_Parallel.TestParalell.LoginMailSucessfullyParalell() in D:\WorkSpace\Git\AutomationFramework\AutomationTesting\Feature\Login Mail Parallel\LoginMailParalell.cs:line 48]]></stack-trace></failure></test-case></test-suite><test-suite type="TestFixture" id="0-1511" name="TestParalell(Nexus6,WebBrowserFactory)" fullname="AutomationTesting.Feature.Login_Mail_Parallel.TestParalell(Nexus6,WebBrowserFactory)" classname="AutomationTesting.Feature.Login_Mail_Parallel.TestParalell" runstate="Runnable" testcasecount="53" result="Failed" site="Child" start-time="2016-06-26 08:49:13Z" end-time="2016-06-26 08:49:47Z" duration="34.484689" total="1" passed="0" failed="1" inconclusive="0" skipped="0" asserts="0"><properties><property name="ParallelScope" value="Self" /></properties><failure><message><![CDATA[One or more child tests had errors]]></message></failure><test-case id="0-1512" name="LoginMailSucessfullyParalell" fullname="AutomationTesting.Feature.Login_Mail_Parallel.TestParalell(Nexus6,WebBrowserFactory).LoginMailSucessfullyParalell" methodname="LoginMailSucessfullyParalell" classname="AutomationTesting.Feature.Login_Mail_Parallel.TestParalell" runstate="Runnable" seed="1889296407" result="Failed" label="Error" start-time="2016-06-26 08:49:13Z" end-time="2016-06-26 08:49:47Z" duration="34.477956" asserts="0"><properties><property name="Category" value="SearchGoogle" /></properties><failure><message><![CDATA[System.OperationCanceledException : Get Timed out after 15 seconds, [specflowdemo@gmail.com] is not displayed in WebPage title [Gmail]]]></message><stack-trace><![CDATA[   at AutomationFrameWork.ActionsKeys.WebKeywords.WaitTitleContains(String title, Int32 timeOut) in D:\WorkSpace\Git\AutomationFramework\AutomationFrameWork\ActionKeywords\WebKeywords.cs:line 166
   at AutomationTesting.POM.HomePage.LoginValidate.ValidateLoginSucesfully(String expected) in D:\WorkSpace\Git\AutomationFramework\AutomationTesting\POM\HomePage\LoginValidate .cs:line 11
   at AutomationTesting.Feature.Login_Mail_Parallel.TestParalell.LoginMailSucessfullyParalell() in D:\WorkSpace\Git\AutomationFramework\AutomationTesting\Feature\Login Mail Parallel\LoginMailParalell.cs:line 48]]></stack-trace></failure></test-case></test-suite><test-suite type="TestFixture" id="0-1383" name="TestParalell(iPhone5,WebBrowserFactory)" fullname="AutomationTesting.Feature.Login_Mail_Parallel.TestParalell(iPhone5,WebBrowserFactory)" classname="AutomationTesting.Feature.Login_Mail_Parallel.TestParalell" runstate="Runnable" testcasecount="53" result="Failed" site="Child" start-time="2016-06-26 08:49:13Z" end-time="2016-06-26 08:49:47Z" duration="34.584722" total="1" passed="0" failed="1" inconclusive="0" skipped="0" asserts="0"><properties><property name="ParallelScope" value="Self" /></properties><failure><message><![CDATA[One or more child tests had errors]]></message></failure><test-case id="0-1384" name="LoginMailSucessfullyParalell" fullname="AutomationTesting.Feature.Login_Mail_Parallel.TestParalell(iPhone5,WebBrowserFactory).LoginMailSucessfullyParalell" methodname="LoginMailSucessfullyParalell" classname="AutomationTesting.Feature.Login_Mail_Parallel.TestParalell" runstate="Runnable" seed="1022574981" result="Failed" label="Error" start-time="2016-06-26 08:49:13Z" end-time="2016-06-26 08:49:47Z" duration="34.578087" asserts="0"><properties><property name="Category" value="SearchGoogle" /></properties><failure><message><![CDATA[System.OperationCanceledException : Get Timed out after 15 seconds, [specflowdemo@gmail.com] is not displayed in WebPage title [Gmail]]]></message><stack-trace><![CDATA[   at AutomationFrameWork.ActionsKeys.WebKeywords.WaitTitleContains(String title, Int32 timeOut) in D:\WorkSpace\Git\AutomationFramework\AutomationFrameWork\ActionKeywords\WebKeywords.cs:line 166
   at AutomationTesting.POM.HomePage.LoginValidate.ValidateLoginSucesfully(String expected) in D:\WorkSpace\Git\AutomationFramework\AutomationTesting\POM\HomePage\LoginValidate .cs:line 11
   at AutomationTesting.Feature.Login_Mail_Parallel.TestParalell.LoginMailSucessfullyParalell() in D:\WorkSpace\Git\AutomationFramework\AutomationTesting\Feature\Login Mail Parallel\LoginMailParalell.cs:line 48]]></stack-trace></failure></test-case></test-suite><test-suite type="TestFixture" id="0-1447" name="TestParalell(iPhone6,WebBrowserFactory)" fullname="AutomationTesting.Feature.Login_Mail_Parallel.TestParalell(iPhone6,WebBrowserFactory)" classname="AutomationTesting.Feature.Login_Mail_Parallel.TestParalell" runstate="Runnable" testcasecount="53" result="Failed" site="Child" start-time="2016-06-26 08:49:13Z" end-time="2016-06-26 08:49:48Z" duration="34.680910" total="1" passed="0" failed="1" inconclusive="0" skipped="0" asserts="0"><properties><property name="ParallelScope" value="Self" /></properties><failure><message><![CDATA[One or more child tests had errors]]></message></failure><test-case id="0-1448" name="LoginMailSucessfullyParalell" fullname="AutomationTesting.Feature.Login_Mail_Parallel.TestParalell(iPhone6,WebBrowserFactory).LoginMailSucessfullyParalell" methodname="LoginMailSucessfullyParalell" classname="AutomationTesting.Feature.Login_Mail_Parallel.TestParalell" runstate="Runnable" seed="515303829" result="Failed" label="Error" start-time="2016-06-26 08:49:13Z" end-time="2016-06-26 08:49:48Z" duration="34.674197" asserts="0"><properties><property name="Category" value="SearchGoogle" /></properties><failure><message><![CDATA[System.OperationCanceledException : Get Timed out after 15 seconds, [specflowdemo@gmail.com] is not displayed in WebPage title [Gmail]]]></message><stack-trace><![CDATA[   at AutomationFrameWork.ActionsKeys.WebKeywords.WaitTitleContains(String title, Int32 timeOut) in D:\WorkSpace\Git\AutomationFramework\AutomationFrameWork\ActionKeywords\WebKeywords.cs:line 166
   at AutomationTesting.POM.HomePage.LoginValidate.ValidateLoginSucesfully(String expected) in D:\WorkSpace\Git\AutomationFramework\AutomationTesting\POM\HomePage\LoginValidate .cs:line 11
   at AutomationTesting.Feature.Login_Mail_Parallel.TestParalell.LoginMailSucessfullyParalell() in D:\WorkSpace\Git\AutomationFramework\AutomationTesting\Feature\Login Mail Parallel\LoginMailParalell.cs:line 48]]></stack-trace></failure></test-case></test-suite><test-suite type="TestFixture" id="0-1127" name="TestParalell(iPad,WebBrowserFactory)" fullname="AutomationTesting.Feature.Login_Mail_Parallel.TestParalell(iPad,WebBrowserFactory)" classname="AutomationTesting.Feature.Login_Mail_Parallel.TestParalell" runstate="Runnable" testcasecount="53" result="Failed" site="Child" start-time="2016-06-26 08:49:13Z" end-time="2016-06-26 08:49:50Z" duration="37.217555" total="1" passed="0" failed="1" inconclusive="0" skipped="0" asserts="0"><properties><property name="ParallelScope" value="Self" /></properties><failure><message><![CDATA[One or more child tests had errors]]></message></failure><test-case id="0-1128" name="LoginMailSucessfullyParalell" fullname="AutomationTesting.Feature.Login_Mail_Parallel.TestParalell(iPad,WebBrowserFactory).LoginMailSucessfullyParalell" methodname="LoginMailSucessfullyParalell" classname="AutomationTesting.Feature.Login_Mail_Parallel.TestParalell" runstate="Runnable" seed="1968259864" result="Failed" label="Error" start-time="2016-06-26 08:49:13Z" end-time="2016-06-26 08:49:50Z" duration="37.210593" asserts="0"><properties><property name="Category" value="SearchGoogle" /></properties><failure><message><![CDATA[System.OperationCanceledException : Get Timed out after 15 seconds, [specflowdemo@gmail.com] is not displayed in WebPage title [Gmail]]]></message><stack-trace><![CDATA[   at AutomationFrameWork.ActionsKeys.WebKeywords.WaitTitleContains(String title, Int32 timeOut) in D:\WorkSpace\Git\AutomationFramework\AutomationFrameWork\ActionKeywords\WebKeywords.cs:line 166
   at AutomationTesting.POM.HomePage.LoginValidate.ValidateLoginSucesfully(String expected) in D:\WorkSpace\Git\AutomationFramework\AutomationTesting\POM\HomePage\LoginValidate .cs:line 11
   at AutomationTesting.Feature.Login_Mail_Parallel.TestParalell.LoginMailSucessfullyParalell() in D:\WorkSpace\Git\AutomationFramework\AutomationTesting\Feature\Login Mail Parallel\LoginMailParalell.cs:line 48]]></stack-trace></failure></test-case></test-suite><test-suite type="TestFixture" id="0-1639" name="TestParalell(PhantomJSBrowser,PhantomJSBrowserFactory)" fullname="AutomationTesting.Feature.Login_Mail_Parallel.TestParalell(PhantomJSBrowser,PhantomJSBrowserFactory)" classname="AutomationTesting.Feature.Login_Mail_Parallel.TestParalell" runstate="Runnable" testcasecount="53" result="Passed" start-time="2016-06-26 08:49:39Z" end-time="2016-06-26 08:49:56Z" duration="16.619025" total="1" passed="1" failed="0" inconclusive="0" skipped="0" asserts="1"><properties><property name="ParallelScope" value="Self" /></properties><test-case id="0-1640" name="LoginMailSucessfullyParalell" fullname="AutomationTesting.Feature.Login_Mail_Parallel.TestParalell(PhantomJSBrowser,PhantomJSBrowserFactory).LoginMailSucessfullyParalell" methodname="LoginMailSucessfullyParalell" classname="AutomationTesting.Feature.Login_Mail_Parallel.TestParalell" runstate="Runnable" seed="1070455911" result="Passed" start-time="2016-06-26 08:49:39Z" end-time="2016-06-26 08:49:56Z" duration="16.615338" asserts="1"><properties><property name="Category" value="SearchGoogle" /></properties><output><![CDATA[Hộp thư đến (10) - specflowdemo@gmail.com - Gmail
]]></output></test-case></test-suite><test-suite type="TestFixture" id="0-1575" name="TestParalell(Nexus7,WebBrowserFactory)" fullname="AutomationTesting.Feature.Login_Mail_Parallel.TestParalell(Nexus7,WebBrowserFactory)" classname="AutomationTesting.Feature.Login_Mail_Parallel.TestParalell" runstate="Runnable" testcasecount="53" result="Failed" site="Child" start-time="2016-06-26 08:49:31Z" end-time="2016-06-26 08:50:01Z" duration="30.096827" total="1" passed="0" failed="1" inconclusive="0" skipped="0" asserts="0"><properties><property name="ParallelScope" value="Self" /></properties><failure><message><![CDATA[One or more child tests had errors]]></message></failure><test-case id="0-1576" name="LoginMailSucessfullyParalell" fullname="AutomationTesting.Feature.Login_Mail_Parallel.TestParalell(Nexus7,WebBrowserFactory).LoginMailSucessfullyParalell" methodname="LoginMailSucessfullyParalell" classname="AutomationTesting.Feature.Login_Mail_Parallel.TestParalell" runstate="Runnable" seed="36246421" result="Failed" label="Error" start-time="2016-06-26 08:49:31Z" end-time="2016-06-26 08:50:01Z" duration="30.093610" asserts="0"><properties><property name="Category" value="SearchGoogle" /></properties><failure><message><![CDATA[System.OperationCanceledException : Get Timed out after 15 seconds, [specflowdemo@gmail.com] is not displayed in WebPage title [Gmail]]]></message><stack-trace><![CDATA[   at AutomationFrameWork.ActionsKeys.WebKeywords.WaitTitleContains(String title, Int32 timeOut) in D:\WorkSpace\Git\AutomationFramework\AutomationFrameWork\ActionKeywords\WebKeywords.cs:line 166
   at AutomationTesting.POM.HomePage.LoginValidate.ValidateLoginSucesfully(String expected) in D:\WorkSpace\Git\AutomationFramework\AutomationTesting\POM\HomePage\LoginValidate .cs:line 11
   at AutomationTesting.Feature.Login_Mail_Parallel.TestParalell.LoginMailSucessfullyParalell() in D:\WorkSpace\Git\AutomationFramework\AutomationTesting\Feature\Login Mail Parallel\LoginMailParalell.cs:line 48]]></stack-trace></failure></test-case></test-suite></test-suite></test-suite></test-suite></test-suite></test-suite></test-run>